0 silly input [ 'publish' ]
1 silly flags { _: [ 'publish' ], 'reject-cycles': false, rejectCycles: false }
2 verbose rootPath /Users/adam.meszaros/manifest_editors/iiif-manifest-editor-components
3 info version 2.11.0
4 warn deprecated `publishConfig.ignore` has been replaced by `command.publish.ignore`.
5 silly isInitialized
6 silly isInitialized true
7 silly existsSync /Users/adam.meszaros/manifest_editors/iiif-manifest-editor-components/VERSION
8 silly initialize attempt
9 info current version 1.0.23
10 silly isDetachedHead
11 silly getCurrentBranch
12 verbose getCurrentBranch master
13 verbose isDetachedHead false
14 silly getCurrentBranch
15 verbose getCurrentBranch master
16 silly getUpdates
17 info Checking for updated packages...
18 silly hasTags
19 verbose hasTags true
20 silly getLastTag
21 verbose getLastTag v1.0.23
22 info Comparing with v1.0.23.
23 silly diffSinceIn v1.0.23 packages/core
24 silly diff packages/core/src/annotation/TextualBodyDescribing.js
24 silly diff packages/core/src/components/DLCSExplorer/DropzoneUpload.js
24 silly diff packages/core/src/index.js
25 verbose updated @iiif-mec/core
26 info Checking for prereleased packages...
27 silly collectDependents
28 silly isPackageDependentOf @iiif-mec/core @iiif-mec/core
29 silly collectUpdates
30 verbose has filtered update @iiif-mec/core
31 silly initialize success
32 silly execute attempt
33 silly addFile /Users/adam.meszaros/manifest_editors/iiif-manifest-editor-components/lerna.json
34 silly runScriptSync preversion iiif-mec
35 silly runScriptSync preversion @iiif-mec/core
36 silly runScriptSync version @iiif-mec/core
37 silly runScriptSync version iiif-mec
38 silly addFile /Users/adam.meszaros/manifest_editors/iiif-manifest-editor-components/packages/core/package.json
39 silly commit chore(release): publish
40 verbose commit [ 'commit', '--no-verify', '-m', 'chore(release): publish' ]
41 silly addTag v1.0.24
42 silly runScriptSync postversion @iiif-mec/core
43 silly runScriptSync postversion iiif-mec
44 info publish Publishing packages to npm...
45 silly existsSync /Users/adam.meszaros/manifest_editors/iiif-manifest-editor-components/packages/core/scripts/prepublish.js
46 verbose execScript No prepublish script found at /Users/adam.meszaros/manifest_editors/iiif-manifest-editor-components/packages/core/scripts/prepublish.js
47 verbose publishing @iiif-mec/core
48 silly publishTaggedInDir latest core
49 silly getExecOpts { cwd: '/Users/adam.meszaros/manifest_editors/iiif-manifest-editor-components/packages/core' }
50 error publish Retrying failed publish: @iiif-mec/core
51 verbose publish error undefined
52 verbose publishing @iiif-mec/core
53 silly publishTaggedInDir latest core
54 silly getExecOpts { cwd: '/Users/adam.meszaros/manifest_editors/iiif-manifest-editor-components/packages/core' }
55 error publish Retrying failed publish: @iiif-mec/core
56 verbose publish error undefined
57 verbose publishing @iiif-mec/core
58 silly publishTaggedInDir latest core
59 silly getExecOpts { cwd: '/Users/adam.meszaros/manifest_editors/iiif-manifest-editor-components/packages/core' }
60 error publish Retrying failed publish: @iiif-mec/core
61 verbose publish error undefined
62 verbose publishing @iiif-mec/core
63 silly publishTaggedInDir latest core
64 silly getExecOpts { cwd: '/Users/adam.meszaros/manifest_editors/iiif-manifest-editor-components/packages/core' }
65 error publish Retrying failed publish: @iiif-mec/core
66 verbose publish error undefined
67 verbose publishing @iiif-mec/core
68 silly publishTaggedInDir latest core
69 silly getExecOpts { cwd: '/Users/adam.meszaros/manifest_editors/iiif-manifest-editor-components/packages/core' }
70 error publish Ran out of retries while publishing @iiif-mec/core Error: Command failed: npm publish --tag latest
70 error publish npm ERR! publish Failed PUT 401
70 error publish npm ERR! code E401
70 error publish npm ERR! This operation requires a one-time password from your authenticator.
70 error publish npm ERR! You can provide a one-time password by passing --otp=<code> to the command you ran.
70 error publish npm ERR! If you already provided a one-time password then it is likely that you either typoed
70 error publish npm ERR! it, or it timed out. Please try again.
70 error publish
70 error publish npm ERR! A complete log of this run can be found in:
70 error publish npm ERR!     /Users/adam.meszaros/.npm/_logs/2019-04-03T12_31_24_425Z-debug.log
70 error publish
70 error publish     at Promise.all.then.arr (/usr/local/lib/node_modules/lerna/node_modules/execa/index.js:236:11)
70 error publish     at <anonymous>
70 error publish     at process._tickCallback (internal/process/next_tick.js:188:7)
71 error execute callback with error
72 error Error: Command failed: npm publish --tag latest
72 error npm ERR! publish Failed PUT 401
72 error npm ERR! code E401
72 error npm ERR! This operation requires a one-time password from your authenticator.
72 error npm ERR! You can provide a one-time password by passing --otp=<code> to the command you ran.
72 error npm ERR! If you already provided a one-time password then it is likely that you either typoed
72 error npm ERR! it, or it timed out. Please try again.
72 error
72 error npm ERR! A complete log of this run can be found in:
72 error npm ERR!     /Users/adam.meszaros/.npm/_logs/2019-04-03T12_31_24_425Z-debug.log
72 error
72 error     at Promise.all.then.arr (/usr/local/lib/node_modules/lerna/node_modules/execa/index.js:236:11)
72 error     at <anonymous>
